\BOOKMARK [0][-]{chapter*.1}{Agradecimientos}{}% 1
\BOOKMARK [0][-]{chapter*.2}{Resumen}{}% 2
\BOOKMARK [0][-]{chapter*.3}{Abstract}{}% 3
\BOOKMARK [0][-]{chapter*.4}{\315ndice de Contenidos}{}% 4
\BOOKMARK [0][-]{chapter*.4}{Lista de Tablas}{}% 5
\BOOKMARK [0][-]{chapter*.5}{Lista de Figuras}{}% 6
\BOOKMARK [0][-]{chapter*.7}{Glosario}{}% 7
\BOOKMARK [0][-]{figure.caption.8}{Introducci\363n}{}% 8
\BOOKMARK [1][-]{section.0.1}{Contexto}{figure.caption.8}% 9
\BOOKMARK [1][-]{section.0.2}{Definici\363n del Problema}{figure.caption.8}% 10
\BOOKMARK [1][-]{section.0.3}{Objetivos}{figure.caption.8}% 11
\BOOKMARK [1][-]{section.0.4}{Metodolog\355a de Trabajo}{figure.caption.8}% 12
\BOOKMARK [0][-]{chapter.1}{Estado del Arte}{}% 13
\BOOKMARK [1][-]{section.1.1}{Estado del Arte}{chapter.1}% 14
\BOOKMARK [2][-]{subsection.1.1.1}{Computaci\363n Basada en Confianza}{section.1.1}% 15
\BOOKMARK [2][-]{subsection.1.1.2}{Sistemas de Recomendaci\363n}{section.1.1}% 16
\BOOKMARK [2][-]{subsection.1.1.3}{Mejorando un Sistema de Recomendaci\363n con una Red de Confianza}{section.1.1}% 17
\BOOKMARK [0][-]{chapter.2}{Propuesta}{}% 18
\BOOKMARK [1][-]{subsection.2.0.1}{Caracter\355sticas}{chapter.2}% 19
\BOOKMARK [2][-]{subsection.2.0.2}{Arquitectura de la soluci\363n propuesta}{subsection.2.0.1}% 20
\BOOKMARK [2][-]{subsection.2.0.3}{Propuesta para implementaci\363n de las caracter\355sticas}{subsection.2.0.1}% 21
\BOOKMARK [2][-]{subsection.2.0.4}{Estimaci\363n de trust}{subsection.2.0.1}% 22
\BOOKMARK [2][-]{subsection.2.0.5}{Estimaci\363n de \355tem recomendado}{subsection.2.0.1}% 23
\BOOKMARK [2][-]{subsection.2.0.6}{Implementaci\363n de la Soluci\363n.}{subsection.2.0.1}% 24
\BOOKMARK [0][-]{chapter.3}{Validaci\363n}{}% 25
\BOOKMARK [1][-]{section.3.1}{La aplicaci\363n de prueba.}{chapter.3}% 26
\BOOKMARK [1][-]{section.3.2}{Resultados}{chapter.3}% 27
\BOOKMARK [1][-]{section.3.3}{An\341lisis de resultados}{chapter.3}% 28
\BOOKMARK [0][-]{chapter*.35}{Conclusiones}{}% 29
